<?xml version="1.0" encoding="UTF-8"?>
<!-- Generated by org.testng.reporters.JUnitReportReporter -->
<testsuite skipped="0" hostname="BLRJPT3258D" name="TestClass3" tests="1" failures="0" timestamp="27 Jun 2019 10:43:02 GMT" time="3.623" errors="0">
  <testcase name="createPlaceAndDeleteAPI" time="3.623" classname="TestClass3"/>
</testsuite> <!-- TestClass3 -->
