<?xml version="1.0" encoding="UTF-8"?>
<!-- Generated by org.testng.reporters.JUnitReportReporter -->
<testsuite skipped="0" hostname="BLRJPT3258D" name="TestClass2" tests="1" failures="0" timestamp="27 Jun 2019 09:49:54 GMT" time="2.572" errors="0">
  <testcase name="createPlaceAPI" time="2.572" classname="TestClass2"/>
</testsuite> <!-- TestClass2 -->
