<?xml version="1.0" encoding="UTF-8"?>
<!-- Generated by org.testng.reporters.JUnitReportReporter -->
<testsuite skipped="0" hostname="BLRJPT3258D" name="TestClass" tests="1" failures="0" timestamp="27 Jun 2019 11:21:59 GMT" time="5.445" errors="0">
  <testcase name="GetAlltheObjectArrayAPI" time="5.445" classname="TestClass"/>
</testsuite> <!-- TestClass -->
