<?xml version="1.0" encoding="UTF-8"?>
<!-- Generated by org.testng.reporters.JUnitReportReporter -->
<testsuite skipped="0" hostname="BLRJPT3258D" name="TestClass4" tests="1" failures="0" timestamp="27 Jun 2019 11:25:58 GMT" time="5.958" errors="0">
  <testcase name="getAPI" time="5.958" classname="TestClass4"/>
</testsuite> <!-- TestClass4 -->
