<?xml version="1.0" encoding="UTF-8"?>
<!-- Generated by org.testng.reporters.JUnitReportReporter -->
<testsuite skipped="0" hostname="BLRJPT3258D" name="DynamicJson" tests="3" failures="0" timestamp="11 Jul 2019 11:14:14 GMT" time="7.528" errors="0">
  <testcase name="AddBookTest" time="1.940" classname="DynamicJson"/>
  <testcase name="AddBookTest" time="2.038" classname="DynamicJson"/>
  <testcase name="AddBookTest" time="3.550" classname="DynamicJson"/>
</testsuite> <!-- DynamicJson -->
