<?xml version="1.0" encoding="UTF-8"?>
<!-- Generated by org.testng.reporters.JUnitReportReporter -->
<testsuite skipped="0" hostname="BLRJPT3258D" name="GetAdvanceXpathAPI" tests="1" failures="0" timestamp="27 Jun 2019 11:35:12 GMT" time="6.273" errors="0">
  <testcase name="GetAlltheObjectArrayAPI" time="6.273" classname="GetAdvanceXpathAPI"/>
</testsuite> <!-- GetAdvanceXpathAPI -->
