<?xml version="1.0" encoding="UTF-8"?>
<!-- Generated by org.testng.reporters.JUnitReportReporter -->
<testsuite skipped="0" hostname="BLRJPT3258D" name="TwitterAPI" tests="3" failures="0" timestamp="09 Sep 2019 10:30:59 GMT" time="4.597" errors="0">
  <testcase name="GetTweetAPI" time="0.593" classname="TwitterAPI"/>
  <testcase name="E2E" time="3.496" classname="TwitterAPI"/>
  <testcase name="createTweet" time="0.508" classname="TwitterAPI"/>
</testsuite> <!-- TwitterAPI -->
