<?xml version="1.0" encoding="UTF-8"?>
<!-- Generated by org.testng.reporters.JUnitReportReporter -->
<testsuite skipped="0" hostname="BLRJPT3258D" name="GetAPI" tests="1" failures="0" timestamp="03 Jul 2019 09:59:04 GMT" time="7.134" errors="0">
  <testcase name="getAPI" time="7.134" classname="GetAPI"/>
</testsuite> <!-- GetAPI -->
